Using pre-set license
Built from '2020.3/staging' branch; Version is '2020.3.6f1 (338bb68529b2) revision 3378102'; Using compiler version '192528614'; Build Type 'Release'
OS: 'Windows 10 Pro; OS build 22000.258; Version 2009; 64bit' Language: 'en' Physical Memory: 65467 MB
BatchMode: 1, IsHumanControllingUs: 0, StartBugReporterOnCrash: 0, Is64bit: 1, IsPro: 0

 COMMAND LINE ARGUMENTS:
C:\Program Files\Unity\Hub\Editor\2020.3.6f1\Editor\Unity.exe
-adb2
-batchMode
-noUpm
-name
AssetImportWorker0
-projectPath
D:/Kuba/Unity Hub/Projekty/Autko1/Autko-1
-logFile
Logs/AssetImportWorker0.log
-srvPort
52346
Successfully changed project path to: D:/Kuba/Unity Hub/Projekty/Autko1/Autko-1
D:/Kuba/Unity Hub/Projekty/Autko1/Autko-1
Using Asset Import Pipeline V2.
Refreshing native plugins compatible for Editor in 24.48 ms, found 0 plugins.
Preloading 0 native plugins for Editor in 0.00 ms.
Initialize engine version: 2020.3.6f1 (338bb68529b2)
[Subsystems] Discovering subsystems at path C:/Program Files/Unity/Hub/Editor/2020.3.6f1/Editor/Data/Resources/UnitySubsystems
[Subsystems] Discovering subsystems at path D:/Kuba/Unity Hub/Projekty/Autko1/Autko-1/Assets
GfxDevice: creating device client; threaded=0
Direct3D:
    Version:  Direct3D 11.0 [level 11.1]
    Renderer: NVIDIA GeForce RTX 2080 SUPER (ID=0x1e81)
    Vendor:   
    VRAM:     8010 MB
    Driver:   30.0.14.9649
Initialize mono
Mono path[0] = 'C:/Program Files/Unity/Hub/Editor/2020.3.6f1/Editor/Data/Managed'
Mono path[1] = 'C:/Program Files/Unity/Hub/Editor/2020.3.6f1/Editor/Data/MonoBleedingEdge/lib/mono/unityjit'
Mono config path = 'C:/Program Files/Unity/Hub/Editor/2020.3.6f1/Editor/Data/MonoBleedingEdge/etc'
Using monoOptions --debugger-agent=transport=dt_socket,embedding=1,server=y,suspend=n,address=127.0.0.1:56104
Begin MonoManager ReloadAssembly
Registering precompiled unity dll's ...
Register platform support module: C:/Program Files/Unity/Hub/Editor/2020.3.6f1/Editor/Data/PlaybackEngines/WindowsStandaloneSupport/UnityEditor.WindowsStandalone.Extensions.dll
Registered in 0.001489 seconds.
Native extension for WindowsStandalone target not found
Refreshing native plugins compatible for Editor in 23.65 ms, found 0 plugins.
Preloading 0 native plugins for Editor in 0.00 ms.
Mono: successfully reloaded assembly
- Completed reload, in  1.490 seconds
Platform modules already initialized, skipping
Registering precompiled user dll's ...
Registered in 0.000615 seconds.
Begin MonoManager ReloadAssembly
Native extension for WindowsStandalone target not found
Refreshing native plugins compatible for Editor in 0.26 ms, found 0 plugins.
Preloading 0 native plugins for Editor in 0.00 ms.
Mono: successfully reloaded assembly
- Completed reload, in  0.754 seconds
Platform modules already initialized, skipping
========================================================================
Worker process is ready to serve import requests
Launched and connected shader compiler UnityShaderCompiler.exe after 0.06 seconds
Refreshing native plugins compatible for Editor in 0.26 ms, found 0 plugins.
Preloading 0 native plugins for Editor in 0.00 ms.
Unloading 1625 Unused Serialized files (Serialized files now loaded: 0)
System memory in use before: 78.3 MB.
System memory in use after: 78.3 MB.

Unloading 12 unused Assets to reduce memory usage. Loaded Objects now: 2068.
Total: 1.741900 ms (FindLiveObjects: 0.192600 ms CreateObjectMapping: 0.065000 ms MarkObjects: 1.364300 ms  DeleteObjects: 0.119100 ms)

========================================================================
Received Import Request.
  path: Assets/Scripts/CarController1.cs
  artifactKey: Guid(71bc5fbf972aa344b9b87f4ff7021914) Importer(815301076,1909f56bfc062723c751e8b465ee728b)
Start importing Assets/Scripts/CarController1.cs using Guid(71bc5fbf972aa344b9b87f4ff7021914) Importer(815301076,1909f56bfc062723c751e8b465ee728b)  -> (artifact id: '64fd7d4942ce0187e0ccb17b4c462e4c') in 0.029949 seconds
  Import took 0.052159 seconds .

========================================================================
Received Import Request.
  Time since last request: 14.674866 seconds.
  path: Assets/Scripts/CarController1.cs
  artifactKey: Guid(71bc5fbf972aa344b9b87f4ff7021914) Importer(815301076,1909f56bfc062723c751e8b465ee728b)
Start importing Assets/Scripts/CarController1.cs using Guid(71bc5fbf972aa344b9b87f4ff7021914) Importer(815301076,1909f56bfc062723c751e8b465ee728b)  -> (artifact id: '52f1ebca7433d7e11684cb0eb46d119c') in 0.002082 seconds
  Import took 0.004361 seconds .

========================================================================
Received Import Request.
  Time since last request: 0.011590 seconds.
  path: Assets/Scripts/CarController1.cs
  artifactKey: Guid(71bc5fbf972aa344b9b87f4ff7021914) Importer(815301076,1909f56bfc062723c751e8b465ee728b)
Start importing Assets/Scripts/CarController1.cs using Guid(71bc5fbf972aa344b9b87f4ff7021914) Importer(815301076,1909f56bfc062723c751e8b465ee728b)  -> (artifact id: '52f1ebca7433d7e11684cb0eb46d119c') in 0.002332 seconds
  Import took 0.004968 seconds .

========================================================================
Received Prepare
Registering precompiled user dll's ...
Registered in 0.000641 seconds.
Begin MonoManager ReloadAssembly
Native extension for WindowsStandalone target not found
Refreshing native plugins compatible for Editor in 0.25 ms, found 0 plugins.
Preloading 0 native plugins for Editor in 0.00 ms.
Mono: successfully reloaded assembly
- Completed reload, in  0.751 seconds
Platform modules already initialized, skipping
Refreshing native plugins compatible for Editor in 0.27 ms, found 0 plugins.
Preloading 0 native plugins for Editor in 0.00 ms.
Unloading 1596 Unused Serialized files (Serialized files now loaded: 0)
System memory in use before: 76.0 MB.
System memory in use after: 76.0 MB.

Unloading 7 unused Assets to reduce memory usage. Loaded Objects now: 2071.
Total: 1.923200 ms (FindLiveObjects: 0.147100 ms CreateObjectMapping: 0.045500 ms MarkObjects: 1.646700 ms  DeleteObjects: 0.083200 ms)

